<?xml version="1.0" encoding="UTF-8"?>
<testsuite xmlns:xsi="http://www.w3.org/2001/XMLSchema-instance" xsi:noNamespaceSchemaLocation="https://maven.apache.org/surefire/maven-surefire-plugin/xsd/surefire-test-report.xsd" name="com.mycompany.calculadora.CalculadoraJunitTest" time="0.044" tests="24" errors="0" skipped="0" failures="0">
  <properties>
[...]
</properties>
  <testcase name="SomarDoisNumerosPositivos" classname="com.mycompany.calculadora.CalculadoraJunitTest" time="0.02"/>
  <testcase name="MultiplicarNumeroPositivoEUmZero" classname="com.mycompany.calculadora.CalculadoraJunitTest" time="0"/>
  <testcase name="SomarDoisNumerosNegativos" classname="com.mycompany.calculadora.CalculadoraJunitTest" time="0"/>
  <testcase name="MultiplicarNumerosNuloENumeroNegativo" classname="com.mycompany.calculadora.CalculadoraJunitTest" time="0"/>
  <testcase name="SomarNumeroPositivoENumeroNegativo" classname="com.mycompany.calculadora.CalculadoraJunitTest" time="0.001"/>
  <testcase name="SubtrairDoisZeros" classname="com.mycompany.calculadora.CalculadoraJunitTest" time="0.001"/>
  <testcase name="MultiplicarNumerosPositivoENumeroNegativo" classname="com.mycompany.calculadora.CalculadoraJunitTest" time="0"/>
  <testcase name="DividirNumerosPositivosSendoOSegundoMaior" classname="com.mycompany.calculadora.CalculadoraJunitTest" time="0"/>
  <testcase name="DividirNumerosNegativosSendoOPrimeiroMaior" classname="com.mycompany.calculadora.CalculadoraJunitTest" time="0"/>
  <testcase name="DividirNumeroPositivoESegundoNegativo" classname="com.mycompany.calculadora.CalculadoraJunitTest" time="0.001"/>
  <testcase name="SubtrairNumerosNegativosEUmZero" classname="com.mycompany.calculadora.CalculadoraJunitTest" time="0.001"/>
  <testcase name="SomarNumeroPositivoEUmZero" classname="com.mycompany.calculadora.CalculadoraJunitTest" time="0.001"/>
  <testcase name="SomarDoisZeros" classname="com.mycompany.calculadora.CalculadoraJunitTest" time="0"/>
  <testcase name="SomarNumeroNegativoEUmZero" classname="com.mycompany.calculadora.CalculadoraJunitTest" time="0"/>
  <testcase name="SubtrairNumerosPositivos" classname="com.mycompany.calculadora.CalculadoraJunitTest" time="0"/>
  <testcase name="SubtrairNumerosPositivoEUmZero" classname="com.mycompany.calculadora.CalculadoraJunitTest" time="0.001"/>
  <testcase name="DividirNumerosNuloPorNumerosPositivos" classname="com.mycompany.calculadora.CalculadoraJunitTest" time="0"/>
  <testcase name="MultiplicarNumerosPositivos" classname="com.mycompany.calculadora.CalculadoraJunitTest" time="0"/>
  <testcase name="DividirNumerosPositivosSendoOPrimeiroMaior" classname="com.mycompany.calculadora.CalculadoraJunitTest" time="0.001"/>
  <testcase name="DividirNumerosNegativosSendoOSegundoMaior" classname="com.mycompany.calculadora.CalculadoraJunitTest" time="0"/>
  <testcase name="SubtrairNumerosNegativos" classname="com.mycompany.calculadora.CalculadoraJunitTest" time="0"/>
  <testcase name="SubtrairNumeroPositivoENumeroNegativo" classname="com.mycompany.calculadora.CalculadoraJunitTest" time="0.001"/>
  <testcase name="MultiplicarNumerosNulos" classname="com.mycompany.calculadora.CalculadoraJunitTest" time="0"/>
  <testcase name="MultiplicarNumerosNegativos" classname="com.mycompany.calculadora.CalculadoraJunitTest" time="0.001"/>
</testsuite>